2018-06-26 10:40:50,946 1     INFO  [grails.plugin.webxml.WebxmlGrailsPlugin] (main:) Loading default config file: class DefaultWebXmlConfig
2018-06-26 10:40:50,962 17    WARN  [grails.plugin.webxml.WebxmlGrailsPlugin] (main:) Did not find application config file: WebXmlConfig
2018-06-26 10:40:51,543 598   INFO  [grails.plugin.webxml.WebxmlGrailsPlugin] (main:) Loading default config file: class DefaultWebXmlConfig
2018-06-26 10:40:51,546 601   WARN  [grails.plugin.webxml.WebxmlGrailsPlugin] (main:) Did not find application config file: WebXmlConfig
2018-06-29 22:24:41,760 0     INFO  [grails.plugin.webxml.WebxmlGrailsPlugin] (main:) Loading default config file: class DefaultWebXmlConfig
2018-06-29 22:24:41,776 16    WARN  [grails.plugin.webxml.WebxmlGrailsPlugin] (main:) Did not find application config file: WebXmlConfig
2018-06-29 22:24:43,279 1519  INFO  [grails.plugin.webxml.WebxmlGrailsPlugin] (main:) Loading default config file: class DefaultWebXmlConfig
2018-06-29 22:24:43,295 1535  WARN  [grails.plugin.webxml.WebxmlGrailsPlugin] (main:) Did not find application config file: WebXmlConfig
2018-06-29 22:27:54,485 192725 INFO  [grails.plugin.webxml.WebxmlGrailsPlugin] (main:) Loading default config file: class DefaultWebXmlConfig
2018-06-29 22:27:54,485 192725 WARN  [grails.plugin.webxml.WebxmlGrailsPlugin] (main:) Did not find application config file: WebXmlConfig
2018-06-29 22:27:54,532 192772 INFO  [grails.plugin.webxml.WebxmlGrailsPlugin] (main:) Loading default config file: class DefaultWebXmlConfig
2018-06-29 22:27:54,532 192772 WARN  [grails.plugin.webxml.WebxmlGrailsPlugin] (main:) Did not find application config file: WebXmlConfig
2018-06-29 22:32:19,656 457896 INFO  [grails.plugin.webxml.WebxmlGrailsPlugin] (main:) Loading default config file: class DefaultWebXmlConfig
2018-06-29 22:32:19,666 457906 WARN  [grails.plugin.webxml.WebxmlGrailsPlugin] (main:) Did not find application config file: WebXmlConfig
2018-06-29 22:32:19,726 457966 INFO  [grails.plugin.webxml.WebxmlGrailsPlugin] (main:) Loading default config file: class DefaultWebXmlConfig
2018-06-29 22:32:19,736 457976 WARN  [grails.plugin.webxml.WebxmlGrailsPlugin] (main:) Did not find application config file: WebXmlConfig
2018-06-29 23:01:58,840 0     INFO  [grails.plugin.webxml.WebxmlGrailsPlugin] (main:) Loading default config file: class DefaultWebXmlConfig
2018-06-29 23:01:58,856 16    WARN  [grails.plugin.webxml.WebxmlGrailsPlugin] (main:) Did not find application config file: WebXmlConfig
2018-06-29 23:01:59,580 740   INFO  [grails.plugin.webxml.WebxmlGrailsPlugin] (main:) Loading default config file: class DefaultWebXmlConfig
2018-06-29 23:01:59,588 748   WARN  [grails.plugin.webxml.WebxmlGrailsPlugin] (main:) Did not find application config file: WebXmlConfig
2018-06-30 23:08:59,107 0     INFO  [grails.plugin.webxml.WebxmlGrailsPlugin] (main:) Loading default config file: class DefaultWebXmlConfig
2018-06-30 23:08:59,156 49    WARN  [grails.plugin.webxml.WebxmlGrailsPlugin] (main:) Did not find application config file: WebXmlConfig
2018-06-30 23:09:01,503 2396  INFO  [grails.plugin.webxml.WebxmlGrailsPlugin] (main:) Loading default config file: class DefaultWebXmlConfig
2018-06-30 23:09:01,503 2396  WARN  [grails.plugin.webxml.WebxmlGrailsPlugin] (main:) Did not find application config file: WebXmlConfig
2018-06-30 23:50:07,061 0     INFO  [grails.plugin.webxml.WebxmlGrailsPlugin] (main:) Loading default config file: class DefaultWebXmlConfig
2018-06-30 23:50:07,077 16    WARN  [grails.plugin.webxml.WebxmlGrailsPlugin] (main:) Did not find application config file: WebXmlConfig
2018-06-30 23:50:08,570 1509  INFO  [grails.plugin.webxml.WebxmlGrailsPlugin] (main:) Loading default config file: class DefaultWebXmlConfig
2018-06-30 23:50:08,580 1519  WARN  [grails.plugin.webxml.WebxmlGrailsPlugin] (main:) Did not find application config file: WebXmlConfig
2018-07-01 00:00:55,517 648456 INFO  [grails.plugin.webxml.WebxmlGrailsPlugin] (main:) Loading default config file: class DefaultWebXmlConfig
2018-07-01 00:00:55,558 648497 WARN  [grails.plugin.webxml.WebxmlGrailsPlugin] (main:) Did not find application config file: WebXmlConfig
2018-07-01 00:00:55,789 648728 INFO  [grails.plugin.webxml.WebxmlGrailsPlugin] (main:) Loading default config file: class DefaultWebXmlConfig
2018-07-01 00:00:55,799 648738 WARN  [grails.plugin.webxml.WebxmlGrailsPlugin] (main:) Did not find application config file: WebXmlConfig
2018-07-01 00:11:11,666 0     INFO  [grails.plugin.webxml.WebxmlGrailsPlugin] (main:) Loading default config file: class DefaultWebXmlConfig
2018-07-01 00:11:11,696 30    WARN  [grails.plugin.webxml.WebxmlGrailsPlugin] (main:) Did not find application config file: WebXmlConfig
2018-07-01 00:11:13,257 1591  INFO  [grails.plugin.webxml.WebxmlGrailsPlugin] (main:) Loading default config file: class DefaultWebXmlConfig
2018-07-01 00:11:13,267 1601  WARN  [grails.plugin.webxml.WebxmlGrailsPlugin] (main:) Did not find application config file: WebXmlConfig
2018-07-01 00:17:00,031 0     INFO  [grails.plugin.webxml.WebxmlGrailsPlugin] (main:) Loading default config file: class DefaultWebXmlConfig
2018-07-01 00:17:00,078 47    WARN  [grails.plugin.webxml.WebxmlGrailsPlugin] (main:) Did not find application config file: WebXmlConfig
2018-07-01 00:17:04,440 4409  INFO  [grails.plugin.webxml.WebxmlGrailsPlugin] (main:) Loading default config file: class DefaultWebXmlConfig
2018-07-01 00:17:04,443 4412  WARN  [grails.plugin.webxml.WebxmlGrailsPlugin] (main:) Did not find application config file: WebXmlConfig
2018-07-01 00:34:21,757 0     INFO  [grails.plugin.webxml.WebxmlGrailsPlugin] (main:) Loading default config file: class DefaultWebXmlConfig
2018-07-01 00:34:21,773 16    WARN  [grails.plugin.webxml.WebxmlGrailsPlugin] (main:) Did not find application config file: WebXmlConfig
2018-07-01 00:34:23,209 1452  INFO  [grails.plugin.webxml.WebxmlGrailsPlugin] (main:) Loading default config file: class DefaultWebXmlConfig
2018-07-01 00:34:23,209 1452  WARN  [grails.plugin.webxml.WebxmlGrailsPlugin] (main:) Did not find application config file: WebXmlConfig
2018-07-01 00:49:08,065 886308 INFO  [grails.plugin.webxml.WebxmlGrailsPlugin] (main:) Loading default config file: class DefaultWebXmlConfig
2018-07-01 00:49:08,075 886318 WARN  [grails.plugin.webxml.WebxmlGrailsPlugin] (main:) Did not find application config file: WebXmlConfig
2018-07-01 00:49:08,246 886489 INFO  [grails.plugin.webxml.WebxmlGrailsPlugin] (main:) Loading default config file: class DefaultWebXmlConfig
2018-07-01 00:49:08,256 886499 WARN  [grails.plugin.webxml.WebxmlGrailsPlugin] (main:) Did not find application config file: WebXmlConfig
2018-07-01 00:54:48,543 1226786 INFO  [grails.plugin.webxml.WebxmlGrailsPlugin] (main:) Loading default config file: class DefaultWebXmlConfig
2018-07-01 00:54:48,549 1226792 WARN  [grails.plugin.webxml.WebxmlGrailsPlugin] (main:) Did not find application config file: WebXmlConfig
2018-07-01 00:54:48,643 1226886 INFO  [grails.plugin.webxml.WebxmlGrailsPlugin] (main:) Loading default config file: class DefaultWebXmlConfig
2018-07-01 00:54:48,655 1226898 WARN  [grails.plugin.webxml.WebxmlGrailsPlugin] (main:) Did not find application config file: WebXmlConfig
2018-07-01 01:01:14,642 0     INFO  [grails.plugin.webxml.WebxmlGrailsPlugin] (main:) Loading default config file: class DefaultWebXmlConfig
2018-07-01 01:01:14,674 32    WARN  [grails.plugin.webxml.WebxmlGrailsPlugin] (main:) Did not find application config file: WebXmlConfig
2018-07-01 01:01:16,098 1456  INFO  [grails.plugin.webxml.WebxmlGrailsPlugin] (main:) Loading default config file: class DefaultWebXmlConfig
2018-07-01 01:01:16,114 1472  WARN  [grails.plugin.webxml.WebxmlGrailsPlugin] (main:) Did not find application config file: WebXmlConfig
2018-07-01 13:39:32,924 0     INFO  [grails.plugin.webxml.WebxmlGrailsPlugin] (main:) Loading default config file: class DefaultWebXmlConfig
2018-07-01 13:39:32,954 30    WARN  [grails.plugin.webxml.WebxmlGrailsPlugin] (main:) Did not find application config file: WebXmlConfig
2018-07-01 13:39:34,665 1741  INFO  [grails.plugin.webxml.WebxmlGrailsPlugin] (main:) Loading default config file: class DefaultWebXmlConfig
2018-07-01 13:39:34,675 1751  WARN  [grails.plugin.webxml.WebxmlGrailsPlugin] (main:) Did not find application config file: WebXmlConfig
2018-07-01 13:50:54,409 681485 INFO  [grails.plugin.webxml.WebxmlGrailsPlugin] (main:) Loading default config file: class DefaultWebXmlConfig
2018-07-01 13:50:54,411 681487 WARN  [grails.plugin.webxml.WebxmlGrailsPlugin] (main:) Did not find application config file: WebXmlConfig
2018-07-01 13:50:54,490 681566 INFO  [grails.plugin.webxml.WebxmlGrailsPlugin] (main:) Loading default config file: class DefaultWebXmlConfig
2018-07-01 13:50:54,492 681568 WARN  [grails.plugin.webxml.WebxmlGrailsPlugin] (main:) Did not find application config file: WebXmlConfig
2018-07-01 16:27:41,663 0     INFO  [grails.plugin.webxml.WebxmlGrailsPlugin] (main:) Loading default config file: class DefaultWebXmlConfig
2018-07-01 16:27:41,710 47    WARN  [grails.plugin.webxml.WebxmlGrailsPlugin] (main:) Did not find application config file: WebXmlConfig
2018-07-01 16:27:43,024 1361  INFO  [grails.plugin.webxml.WebxmlGrailsPlugin] (main:) Loading default config file: class DefaultWebXmlConfig
2018-07-01 16:27:43,024 1361  WARN  [grails.plugin.webxml.WebxmlGrailsPlugin] (main:) Did not find application config file: WebXmlConfig
2018-07-01 17:44:54,115 0     INFO  [grails.plugin.webxml.WebxmlGrailsPlugin] (main:) Loading default config file: class DefaultWebXmlConfig
2018-07-01 17:44:54,146 31    WARN  [grails.plugin.webxml.WebxmlGrailsPlugin] (main:) Did not find application config file: WebXmlConfig
2018-07-01 17:44:55,463 1348  INFO  [grails.plugin.webxml.WebxmlGrailsPlugin] (main:) Loading default config file: class DefaultWebXmlConfig
2018-07-01 17:44:55,463 1348  WARN  [grails.plugin.webxml.WebxmlGrailsPlugin] (main:) Did not find application config file: WebXmlConfig
2018-07-01 20:45:09,045 0     INFO  [grails.plugin.webxml.WebxmlGrailsPlugin] (main:) Loading default config file: class DefaultWebXmlConfig
2018-07-01 20:45:09,083 38    WARN  [grails.plugin.webxml.WebxmlGrailsPlugin] (main:) Did not find application config file: WebXmlConfig
2018-07-01 20:45:10,599 1554  INFO  [grails.plugin.webxml.WebxmlGrailsPlugin] (main:) Loading default config file: class DefaultWebXmlConfig
2018-07-01 20:45:10,614 1569  WARN  [grails.plugin.webxml.WebxmlGrailsPlugin] (main:) Did not find application config file: WebXmlConfig
2018-07-01 22:26:30,069 0     INFO  [grails.plugin.webxml.WebxmlGrailsPlugin] (main:) Loading default config file: class DefaultWebXmlConfig
2018-07-01 22:26:30,101 32    WARN  [grails.plugin.webxml.WebxmlGrailsPlugin] (main:) Did not find application config file: WebXmlConfig
2018-07-01 22:26:31,725 1656  INFO  [grails.plugin.webxml.WebxmlGrailsPlugin] (main:) Loading default config file: class DefaultWebXmlConfig
2018-07-01 22:26:31,741 1672  WARN  [grails.plugin.webxml.WebxmlGrailsPlugin] (main:) Did not find application config file: WebXmlConfig
2018-07-01 22:54:27,399 0     INFO  [grails.plugin.webxml.WebxmlGrailsPlugin] (main:) Loading default config file: class DefaultWebXmlConfig
2018-07-01 22:54:27,415 16    WARN  [grails.plugin.webxml.WebxmlGrailsPlugin] (main:) Did not find application config file: WebXmlConfig
2018-07-01 22:54:28,267 868   INFO  [grails.plugin.webxml.WebxmlGrailsPlugin] (main:) Loading default config file: class DefaultWebXmlConfig
2018-07-01 22:54:28,269 870   WARN  [grails.plugin.webxml.WebxmlGrailsPlugin] (main:) Did not find application config file: WebXmlConfig
2018-07-02 14:02:28,206 0     INFO  [grails.plugin.webxml.WebxmlGrailsPlugin] (main:) Loading default config file: class DefaultWebXmlConfig
2018-07-02 14:02:28,252 46    WARN  [grails.plugin.webxml.WebxmlGrailsPlugin] (main:) Did not find application config file: WebXmlConfig
2018-07-02 14:02:30,108 1902  INFO  [grails.plugin.webxml.WebxmlGrailsPlugin] (main:) Loading default config file: class DefaultWebXmlConfig
2018-07-02 14:02:30,114 1908  WARN  [grails.plugin.webxml.WebxmlGrailsPlugin] (main:) Did not find application config file: WebXmlConfig
2018-07-02 14:33:36,700 0     INFO  [grails.plugin.webxml.WebxmlGrailsPlugin] (main:) Loading default config file: class DefaultWebXmlConfig
2018-07-02 14:33:36,774 74    WARN  [grails.plugin.webxml.WebxmlGrailsPlugin] (main:) Did not find application config file: WebXmlConfig
2018-07-02 14:33:39,346 2646  INFO  [grails.plugin.webxml.WebxmlGrailsPlugin] (main:) Loading default config file: class DefaultWebXmlConfig
2018-07-02 14:33:39,352 2652  WARN  [grails.plugin.webxml.WebxmlGrailsPlugin] (main:) Did not find application config file: WebXmlConfig
2018-07-02 15:01:40,808 0     INFO  [grails.plugin.webxml.WebxmlGrailsPlugin] (main:) Loading default config file: class DefaultWebXmlConfig
2018-07-02 15:01:40,845 37    WARN  [grails.plugin.webxml.WebxmlGrailsPlugin] (main:) Did not find application config file: WebXmlConfig
2018-07-02 15:01:42,885 2077  INFO  [grails.plugin.webxml.WebxmlGrailsPlugin] (main:) Loading default config file: class DefaultWebXmlConfig
2018-07-02 15:01:42,891 2083  WARN  [grails.plugin.webxml.WebxmlGrailsPlugin] (main:) Did not find application config file: WebXmlConfig
2018-07-02 15:07:00,325 0     INFO  [grails.plugin.webxml.WebxmlGrailsPlugin] (main:) Loading default config file: class DefaultWebXmlConfig
2018-07-02 15:07:00,356 31    WARN  [grails.plugin.webxml.WebxmlGrailsPlugin] (main:) Did not find application config file: WebXmlConfig
2018-07-02 15:07:02,422 2097  INFO  [grails.plugin.webxml.WebxmlGrailsPlugin] (main:) Loading default config file: class DefaultWebXmlConfig
2018-07-02 15:07:02,428 2103  WARN  [grails.plugin.webxml.WebxmlGrailsPlugin] (main:) Did not find application config file: WebXmlConfig
2018-07-02 22:03:47,311 0     INFO  [grails.plugin.webxml.WebxmlGrailsPlugin] (main:) Loading default config file: class DefaultWebXmlConfig
2018-07-02 22:03:47,358 47    WARN  [grails.plugin.webxml.WebxmlGrailsPlugin] (main:) Did not find application config file: WebXmlConfig
2018-07-02 22:03:49,958 2647  INFO  [grails.plugin.webxml.WebxmlGrailsPlugin] (main:) Loading default config file: class DefaultWebXmlConfig
2018-07-02 22:03:49,958 2647  WARN  [grails.plugin.webxml.WebxmlGrailsPlugin] (main:) Did not find application config file: WebXmlConfig
2018-07-02 22:23:17,360 0     INFO  [grails.plugin.webxml.WebxmlGrailsPlugin] (main:) Loading default config file: class DefaultWebXmlConfig
2018-07-02 22:23:17,391 31    WARN  [grails.plugin.webxml.WebxmlGrailsPlugin] (main:) Did not find application config file: WebXmlConfig
2018-07-02 22:23:18,252 892   INFO  [grails.plugin.webxml.WebxmlGrailsPlugin] (main:) Loading default config file: class DefaultWebXmlConfig
2018-07-02 22:23:18,252 892   WARN  [grails.plugin.webxml.WebxmlGrailsPlugin] (main:) Did not find application config file: WebXmlConfig
2018-07-02 22:27:39,298 0     INFO  [grails.plugin.webxml.WebxmlGrailsPlugin] (main:) Loading default config file: class DefaultWebXmlConfig
2018-07-02 22:27:39,314 16    WARN  [grails.plugin.webxml.WebxmlGrailsPlugin] (main:) Did not find application config file: WebXmlConfig
2018-07-02 22:27:40,689 1391  INFO  [grails.plugin.webxml.WebxmlGrailsPlugin] (main:) Loading default config file: class DefaultWebXmlConfig
2018-07-02 22:27:40,689 1391  WARN  [grails.plugin.webxml.WebxmlGrailsPlugin] (main:) Did not find application config file: WebXmlConfig
2018-07-02 22:30:28,035 0     INFO  [grails.plugin.webxml.WebxmlGrailsPlugin] (main:) Loading default config file: class DefaultWebXmlConfig
2018-07-02 22:30:28,066 31    WARN  [grails.plugin.webxml.WebxmlGrailsPlugin] (main:) Did not find application config file: WebXmlConfig
2018-07-02 22:30:28,847 812   INFO  [grails.plugin.webxml.WebxmlGrailsPlugin] (main:) Loading default config file: class DefaultWebXmlConfig
2018-07-02 22:30:28,863 828   WARN  [grails.plugin.webxml.WebxmlGrailsPlugin] (main:) Did not find application config file: WebXmlConfig
2018-07-02 22:39:18,061 530026 INFO  [grails.plugin.webxml.WebxmlGrailsPlugin] (main:) Loading default config file: class DefaultWebXmlConfig
2018-07-02 22:39:18,061 530026 WARN  [grails.plugin.webxml.WebxmlGrailsPlugin] (main:) Did not find application config file: WebXmlConfig
2018-07-02 22:39:18,123 530088 INFO  [grails.plugin.webxml.WebxmlGrailsPlugin] (main:) Loading default config file: class DefaultWebXmlConfig
2018-07-02 22:39:18,123 530088 WARN  [grails.plugin.webxml.WebxmlGrailsPlugin] (main:) Did not find application config file: WebXmlConfig
2018-07-02 23:14:04,587 0     INFO  [grails.plugin.webxml.WebxmlGrailsPlugin] (main:) Loading default config file: class DefaultWebXmlConfig
2018-07-02 23:14:04,609 22    WARN  [grails.plugin.webxml.WebxmlGrailsPlugin] (main:) Did not find application config file: WebXmlConfig
2018-07-02 23:14:05,537 950   INFO  [grails.plugin.webxml.WebxmlGrailsPlugin] (main:) Loading default config file: class DefaultWebXmlConfig
2018-07-02 23:14:05,539 952   WARN  [grails.plugin.webxml.WebxmlGrailsPlugin] (main:) Did not find application config file: WebXmlConfig
2018-07-02 23:34:22,006 1217419 INFO  [grails.plugin.webxml.WebxmlGrailsPlugin] (main:) Loading default config file: class DefaultWebXmlConfig
2018-07-02 23:34:22,013 1217426 WARN  [grails.plugin.webxml.WebxmlGrailsPlugin] (main:) Did not find application config file: WebXmlConfig
2018-07-02 23:34:22,122 1217535 INFO  [grails.plugin.webxml.WebxmlGrailsPlugin] (main:) Loading default config file: class DefaultWebXmlConfig
2018-07-02 23:34:22,129 1217542 WARN  [grails.plugin.webxml.WebxmlGrailsPlugin] (main:) Did not find application config file: WebXmlConfig
2018-07-02 23:36:38,856 0     INFO  [grails.plugin.webxml.WebxmlGrailsPlugin] (main:) Loading default config file: class DefaultWebXmlConfig
2018-07-02 23:36:38,871 15    WARN  [grails.plugin.webxml.WebxmlGrailsPlugin] (main:) Did not find application config file: WebXmlConfig
2018-07-02 23:36:40,060 1204  INFO  [grails.plugin.webxml.WebxmlGrailsPlugin] (main:) Loading default config file: class DefaultWebXmlConfig
2018-07-02 23:36:40,060 1204  WARN  [grails.plugin.webxml.WebxmlGrailsPlugin] (main:) Did not find application config file: WebXmlConfig
2018-07-03 01:31:15,762 0     INFO  [grails.plugin.webxml.WebxmlGrailsPlugin] (main:) Loading default config file: class DefaultWebXmlConfig
2018-07-03 01:31:15,793 31    WARN  [grails.plugin.webxml.WebxmlGrailsPlugin] (main:) Did not find application config file: WebXmlConfig
2018-07-03 01:31:17,029 1267  INFO  [grails.plugin.webxml.WebxmlGrailsPlugin] (main:) Loading default config file: class DefaultWebXmlConfig
2018-07-03 01:31:17,031 1269  WARN  [grails.plugin.webxml.WebxmlGrailsPlugin] (main:) Did not find application config file: WebXmlConfig
2018-07-03 12:37:19,806 0     INFO  [grails.plugin.webxml.WebxmlGrailsPlugin] (main:) Loading default config file: class DefaultWebXmlConfig
2018-07-03 12:37:19,842 36    WARN  [grails.plugin.webxml.WebxmlGrailsPlugin] (main:) Did not find application config file: WebXmlConfig
2018-07-03 12:37:21,933 2127  INFO  [grails.plugin.webxml.WebxmlGrailsPlugin] (main:) Loading default config file: class DefaultWebXmlConfig
2018-07-03 12:37:21,939 2133  WARN  [grails.plugin.webxml.WebxmlGrailsPlugin] (main:) Did not find application config file: WebXmlConfig
2018-07-08 16:08:09,949 0     INFO  [grails.plugin.webxml.WebxmlGrailsPlugin] (main:) Loading default config file: class DefaultWebXmlConfig
2018-07-08 16:08:10,081 132   WARN  [grails.plugin.webxml.WebxmlGrailsPlugin] (main:) Did not find application config file: WebXmlConfig
2018-07-08 16:08:11,617 1668  INFO  [grails.plugin.webxml.WebxmlGrailsPlugin] (main:) Loading default config file: class DefaultWebXmlConfig
2018-07-08 16:08:11,617 1668  WARN  [grails.plugin.webxml.WebxmlGrailsPlugin] (main:) Did not find application config file: WebXmlConfig
2018-07-08 16:21:10,274 780325 INFO  [grails.plugin.webxml.WebxmlGrailsPlugin] (main:) Loading default config file: class DefaultWebXmlConfig
2018-07-08 16:21:10,281 780332 WARN  [grails.plugin.webxml.WebxmlGrailsPlugin] (main:) Did not find application config file: WebXmlConfig
2018-07-08 16:21:10,357 780408 INFO  [grails.plugin.webxml.WebxmlGrailsPlugin] (main:) Loading default config file: class DefaultWebXmlConfig
2018-07-08 16:21:10,363 780414 WARN  [grails.plugin.webxml.WebxmlGrailsPlugin] (main:) Did not find application config file: WebXmlConfig
2018-07-08 16:42:21,187 2051238 INFO  [grails.plugin.webxml.WebxmlGrailsPlugin] (main:) Loading default config file: class DefaultWebXmlConfig
2018-07-08 16:42:21,190 2051241 WARN  [grails.plugin.webxml.WebxmlGrailsPlugin] (main:) Did not find application config file: WebXmlConfig
2018-07-08 16:42:21,235 2051286 INFO  [grails.plugin.webxml.WebxmlGrailsPlugin] (main:) Loading default config file: class DefaultWebXmlConfig
2018-07-08 16:42:21,239 2051290 WARN  [grails.plugin.webxml.WebxmlGrailsPlugin] (main:) Did not find application config file: WebXmlConfig
2018-07-08 17:07:00,203 0     INFO  [grails.plugin.webxml.WebxmlGrailsPlugin] (main:) Loading default config file: class DefaultWebXmlConfig
2018-07-08 17:07:00,241 38    WARN  [grails.plugin.webxml.WebxmlGrailsPlugin] (main:) Did not find application config file: WebXmlConfig
2018-07-08 17:07:01,495 1292  INFO  [grails.plugin.webxml.WebxmlGrailsPlugin] (main:) Loading default config file: class DefaultWebXmlConfig
2018-07-08 17:07:01,495 1292  WARN  [grails.plugin.webxml.WebxmlGrailsPlugin] (main:) Did not find application config file: WebXmlConfig
2018-07-19 22:46:20,063 0     INFO  [grails.plugin.webxml.WebxmlGrailsPlugin] (main:) Loading default config file: class DefaultWebXmlConfig
2018-07-19 22:46:20,128 65    WARN  [grails.plugin.webxml.WebxmlGrailsPlugin] (main:) Did not find application config file: WebXmlConfig
2018-07-19 22:46:22,281 2218  INFO  [grails.plugin.webxml.WebxmlGrailsPlugin] (main:) Loading default config file: class DefaultWebXmlConfig
2018-07-19 22:46:22,286 2223  WARN  [grails.plugin.webxml.WebxmlGrailsPlugin] (main:) Did not find application config file: WebXmlConfig
2018-07-19 22:53:42,930 442867 INFO  [grails.plugin.webxml.WebxmlGrailsPlugin] (main:) Loading default config file: class DefaultWebXmlConfig
2018-07-19 22:53:42,933 442870 WARN  [grails.plugin.webxml.WebxmlGrailsPlugin] (main:) Did not find application config file: WebXmlConfig
2018-07-19 22:53:42,998 442935 INFO  [grails.plugin.webxml.WebxmlGrailsPlugin] (main:) Loading default config file: class DefaultWebXmlConfig
2018-07-19 22:53:43,003 442940 WARN  [grails.plugin.webxml.WebxmlGrailsPlugin] (main:) Did not find application config file: WebXmlConfig
2018-07-20 20:07:39,138 0     INFO  [grails.plugin.webxml.WebxmlGrailsPlugin] (main:) Loading default config file: class DefaultWebXmlConfig
2018-07-20 20:07:39,207 69    WARN  [grails.plugin.webxml.WebxmlGrailsPlugin] (main:) Did not find application config file: WebXmlConfig
2018-07-20 20:07:40,945 1807  INFO  [grails.plugin.webxml.WebxmlGrailsPlugin] (main:) Loading default config file: class DefaultWebXmlConfig
2018-07-20 20:07:40,945 1807  WARN  [grails.plugin.webxml.WebxmlGrailsPlugin] (main:) Did not find application config file: WebXmlConfig
2018-07-20 20:22:18,696 879558 INFO  [grails.plugin.webxml.WebxmlGrailsPlugin] (main:) Loading default config file: class DefaultWebXmlConfig
2018-07-20 20:22:18,696 879558 WARN  [grails.plugin.webxml.WebxmlGrailsPlugin] (main:) Did not find application config file: WebXmlConfig
2018-07-20 20:22:18,759 879621 INFO  [grails.plugin.webxml.WebxmlGrailsPlugin] (main:) Loading default config file: class DefaultWebXmlConfig
2018-07-20 20:22:18,759 879621 WARN  [grails.plugin.webxml.WebxmlGrailsPlugin] (main:) Did not find application config file: WebXmlConfig
2018-07-22 12:21:34,656 0     INFO  [grails.plugin.webxml.WebxmlGrailsPlugin] (main:) Loading default config file: class DefaultWebXmlConfig
2018-07-22 12:21:34,709 53    WARN  [grails.plugin.webxml.WebxmlGrailsPlugin] (main:) Did not find application config file: WebXmlConfig
2018-07-22 12:21:36,218 1562  INFO  [grails.plugin.webxml.WebxmlGrailsPlugin] (main:) Loading default config file: class DefaultWebXmlConfig
2018-07-22 12:21:36,222 1566  WARN  [grails.plugin.webxml.WebxmlGrailsPlugin] (main:) Did not find application config file: WebXmlConfig
2018-07-22 12:23:56,320 0     INFO  [grails.plugin.webxml.WebxmlGrailsPlugin] (main:) Loading default config file: class DefaultWebXmlConfig
2018-07-22 12:23:56,367 47    WARN  [grails.plugin.webxml.WebxmlGrailsPlugin] (main:) Did not find application config file: WebXmlConfig
2018-07-22 12:23:57,894 1574  INFO  [grails.plugin.webxml.WebxmlGrailsPlugin] (main:) Loading default config file: class DefaultWebXmlConfig
2018-07-22 12:23:57,901 1581  WARN  [grails.plugin.webxml.WebxmlGrailsPlugin] (main:) Did not find application config file: WebXmlConfig
2018-07-22 14:23:39,343 0     INFO  [grails.plugin.webxml.WebxmlGrailsPlugin] (main:) Loading default config file: class DefaultWebXmlConfig
2018-07-22 14:23:39,383 40    WARN  [grails.plugin.webxml.WebxmlGrailsPlugin] (main:) Did not find application config file: WebXmlConfig
2018-07-22 14:23:40,697 1354  INFO  [grails.plugin.webxml.WebxmlGrailsPlugin] (main:) Loading default config file: class DefaultWebXmlConfig
2018-07-22 14:23:40,697 1354  WARN  [grails.plugin.webxml.WebxmlGrailsPlugin] (main:) Did not find application config file: WebXmlConfig
2018-07-22 16:04:47,766 1     INFO  [grails.plugin.webxml.WebxmlGrailsPlugin] (main:) Loading default config file: class DefaultWebXmlConfig
2018-07-22 16:04:47,814 49    WARN  [grails.plugin.webxml.WebxmlGrailsPlugin] (main:) Did not find application config file: WebXmlConfig
2018-07-22 16:04:50,442 2677  INFO  [grails.plugin.webxml.WebxmlGrailsPlugin] (main:) Loading default config file: class DefaultWebXmlConfig
2018-07-22 16:04:50,448 2683  WARN  [grails.plugin.webxml.WebxmlGrailsPlugin] (main:) Did not find application config file: WebXmlConfig
2018-07-22 16:16:24,341 696576 INFO  [grails.plugin.webxml.WebxmlGrailsPlugin] (main:) Loading default config file: class DefaultWebXmlConfig
2018-07-22 16:16:24,348 696583 WARN  [grails.plugin.webxml.WebxmlGrailsPlugin] (main:) Did not find application config file: WebXmlConfig
2018-07-22 16:16:24,401 696636 INFO  [grails.plugin.webxml.WebxmlGrailsPlugin] (main:) Loading default config file: class DefaultWebXmlConfig
2018-07-22 16:16:24,405 696640 WARN  [grails.plugin.webxml.WebxmlGrailsPlugin] (main:) Did not find application config file: WebXmlConfig
2018-07-22 16:20:07,219 0     INFO  [grails.plugin.webxml.WebxmlGrailsPlugin] (main:) Loading default config file: class DefaultWebXmlConfig
2018-07-22 16:20:07,251 32    WARN  [grails.plugin.webxml.WebxmlGrailsPlugin] (main:) Did not find application config file: WebXmlConfig
2018-07-22 16:20:10,653 3434  INFO  [grails.plugin.webxml.WebxmlGrailsPlugin] (main:) Loading default config file: class DefaultWebXmlConfig
2018-07-22 16:20:10,653 3434  WARN  [grails.plugin.webxml.WebxmlGrailsPlugin] (main:) Did not find application config file: WebXmlConfig
2018-07-22 18:11:28,815 0     INFO  [grails.plugin.webxml.WebxmlGrailsPlugin] (main:) Loading default config file: class DefaultWebXmlConfig
2018-07-22 18:11:28,837 22    WARN  [grails.plugin.webxml.WebxmlGrailsPlugin] (main:) Did not find application config file: WebXmlConfig
2018-07-22 18:11:29,823 1008  INFO  [grails.plugin.webxml.WebxmlGrailsPlugin] (main:) Loading default config file: class DefaultWebXmlConfig
2018-07-22 18:11:29,834 1019  WARN  [grails.plugin.webxml.WebxmlGrailsPlugin] (main:) Did not find application config file: WebXmlConfig
2018-07-22 18:13:28,614 119799 INFO  [grails.plugin.webxml.WebxmlGrailsPlugin] (main:) Loading default config file: class DefaultWebXmlConfig
2018-07-22 18:13:28,614 119799 WARN  [grails.plugin.webxml.WebxmlGrailsPlugin] (main:) Did not find application config file: WebXmlConfig
2018-07-22 18:13:28,667 119852 INFO  [grails.plugin.webxml.WebxmlGrailsPlugin] (main:) Loading default config file: class DefaultWebXmlConfig
2018-07-22 18:13:28,683 119868 WARN  [grails.plugin.webxml.WebxmlGrailsPlugin] (main:) Did not find application config file: WebXmlConfig
2018-07-23 20:19:41,059 0     INFO  [grails.plugin.webxml.WebxmlGrailsPlugin] (main:) Loading default config file: class DefaultWebXmlConfig
2018-07-23 20:19:41,121 62    WARN  [grails.plugin.webxml.WebxmlGrailsPlugin] (main:) Did not find application config file: WebXmlConfig
2018-07-23 20:19:42,814 1755  INFO  [grails.plugin.webxml.WebxmlGrailsPlugin] (main:) Loading default config file: class DefaultWebXmlConfig
2018-07-23 20:19:42,814 1755  WARN  [grails.plugin.webxml.WebxmlGrailsPlugin] (main:) Did not find application config file: WebXmlConfig
2018-07-23 21:23:23,892 0     INFO  [grails.plugin.webxml.WebxmlGrailsPlugin] (main:) Loading default config file: class DefaultWebXmlConfig
2018-07-23 21:23:23,969 77    WARN  [grails.plugin.webxml.WebxmlGrailsPlugin] (main:) Did not find application config file: WebXmlConfig
2018-07-23 21:23:25,658 1766  INFO  [grails.plugin.webxml.WebxmlGrailsPlugin] (main:) Loading default config file: class DefaultWebXmlConfig
2018-07-23 21:23:25,661 1769  WARN  [grails.plugin.webxml.WebxmlGrailsPlugin] (main:) Did not find application config file: WebXmlConfig
2018-07-23 23:15:29,185 0     INFO  [grails.plugin.webxml.WebxmlGrailsPlugin] (main:) Loading default config file: class DefaultWebXmlConfig
2018-07-23 23:15:29,232 47    WARN  [grails.plugin.webxml.WebxmlGrailsPlugin] (main:) Did not find application config file: WebXmlConfig
2018-07-23 23:15:30,544 1359  INFO  [grails.plugin.webxml.WebxmlGrailsPlugin] (main:) Loading default config file: class DefaultWebXmlConfig
2018-07-23 23:15:30,544 1359  WARN  [grails.plugin.webxml.WebxmlGrailsPlugin] (main:) Did not find application config file: WebXmlConfig
2018-07-24 20:15:48,949 0     INFO  [grails.plugin.webxml.WebxmlGrailsPlugin] (main:) Loading default config file: class DefaultWebXmlConfig
2018-07-24 20:15:48,986 37    WARN  [grails.plugin.webxml.WebxmlGrailsPlugin] (main:) Did not find application config file: WebXmlConfig
2018-07-24 20:15:50,743 1794  INFO  [grails.plugin.webxml.WebxmlGrailsPlugin] (main:) Loading default config file: class DefaultWebXmlConfig
2018-07-24 20:15:50,743 1794  WARN  [grails.plugin.webxml.WebxmlGrailsPlugin] (main:) Did not find application config file: WebXmlConfig
2018-07-24 20:18:12,257 143308 INFO  [grails.plugin.webxml.WebxmlGrailsPlugin] (main:) Loading default config file: class DefaultWebXmlConfig
2018-07-24 20:18:12,257 143308 WARN  [grails.plugin.webxml.WebxmlGrailsPlugin] (main:) Did not find application config file: WebXmlConfig
2018-07-24 20:18:12,342 143393 INFO  [grails.plugin.webxml.WebxmlGrailsPlugin] (main:) Loading default config file: class DefaultWebXmlConfig
2018-07-24 20:18:12,342 143393 WARN  [grails.plugin.webxml.WebxmlGrailsPlugin] (main:) Did not find application config file: WebXmlConfig
2018-07-24 22:19:06,043 0     INFO  [grails.plugin.webxml.WebxmlGrailsPlugin] (main:) Loading default config file: class DefaultWebXmlConfig
2018-07-24 22:19:06,083 40    WARN  [grails.plugin.webxml.WebxmlGrailsPlugin] (main:) Did not find application config file: WebXmlConfig
2018-07-24 22:19:07,551 1508  INFO  [grails.plugin.webxml.WebxmlGrailsPlugin] (main:) Loading default config file: class DefaultWebXmlConfig
2018-07-24 22:19:07,567 1524  WARN  [grails.plugin.webxml.WebxmlGrailsPlugin] (main:) Did not find application config file: WebXmlConfig
2018-07-26 22:28:19,976 0     INFO  [grails.plugin.webxml.WebxmlGrailsPlugin] (main:) Loading default config file: class DefaultWebXmlConfig
2018-07-26 22:28:20,073 97    WARN  [grails.plugin.webxml.WebxmlGrailsPlugin] (main:) Did not find application config file: WebXmlConfig
2018-07-26 22:28:22,450 2474  INFO  [grails.plugin.webxml.WebxmlGrailsPlugin] (main:) Loading default config file: class DefaultWebXmlConfig
2018-07-26 22:28:22,464 2488  WARN  [grails.plugin.webxml.WebxmlGrailsPlugin] (main:) Did not find application config file: WebXmlConfig
2018-07-29 14:47:16,225 0     INFO  [grails.plugin.webxml.WebxmlGrailsPlugin] (main:) Loading default config file: class DefaultWebXmlConfig
2018-07-29 14:47:16,262 37    WARN  [grails.plugin.webxml.WebxmlGrailsPlugin] (main:) Did not find application config file: WebXmlConfig
2018-07-29 14:47:18,111 1886  INFO  [grails.plugin.webxml.WebxmlGrailsPlugin] (main:) Loading default config file: class DefaultWebXmlConfig
2018-07-29 14:47:18,115 1890  WARN  [grails.plugin.webxml.WebxmlGrailsPlugin] (main:) Did not find application config file: WebXmlConfig
2018-07-29 15:57:40,136 0     INFO  [grails.plugin.webxml.WebxmlGrailsPlugin] (main:) Loading default config file: class DefaultWebXmlConfig
2018-07-29 15:57:40,156 20    WARN  [grails.plugin.webxml.WebxmlGrailsPlugin] (main:) Did not find application config file: WebXmlConfig
2018-07-29 15:57:41,040 904   INFO  [grails.plugin.webxml.WebxmlGrailsPlugin] (main:) Loading default config file: class DefaultWebXmlConfig
2018-07-29 15:57:41,040 904   WARN  [grails.plugin.webxml.WebxmlGrailsPlugin] (main:) Did not find application config file: WebXmlConfig
2018-07-30 21:31:58,139 0     INFO  [grails.plugin.webxml.WebxmlGrailsPlugin] (main:) Loading default config file: class DefaultWebXmlConfig
2018-07-30 21:31:58,177 38    WARN  [grails.plugin.webxml.WebxmlGrailsPlugin] (main:) Did not find application config file: WebXmlConfig
2018-07-30 21:31:59,965 1826  INFO  [grails.plugin.webxml.WebxmlGrailsPlugin] (main:) Loading default config file: class DefaultWebXmlConfig
2018-07-30 21:31:59,965 1826  WARN  [grails.plugin.webxml.WebxmlGrailsPlugin] (main:) Did not find application config file: WebXmlConfig
2018-07-31 21:32:53,446 0     INFO  [grails.plugin.webxml.WebxmlGrailsPlugin] (main:) Loading default config file: class DefaultWebXmlConfig
2018-07-31 21:32:53,487 41    WARN  [grails.plugin.webxml.WebxmlGrailsPlugin] (main:) Did not find application config file: WebXmlConfig
2018-07-31 21:32:55,340 1894  INFO  [grails.plugin.webxml.WebxmlGrailsPlugin] (main:) Loading default config file: class DefaultWebXmlConfig
2018-07-31 21:32:55,343 1897  WARN  [grails.plugin.webxml.WebxmlGrailsPlugin] (main:) Did not find application config file: WebXmlConfig
2018-07-31 23:21:25,599 0     INFO  [grails.plugin.webxml.WebxmlGrailsPlugin] (main:) Loading default config file: class DefaultWebXmlConfig
2018-07-31 23:21:25,637 38    WARN  [grails.plugin.webxml.WebxmlGrailsPlugin] (main:) Did not find application config file: WebXmlConfig
2018-07-31 23:21:28,502 2903  INFO  [grails.plugin.webxml.WebxmlGrailsPlugin] (main:) Loading default config file: class DefaultWebXmlConfig
2018-07-31 23:21:28,507 2908  WARN  [grails.plugin.webxml.WebxmlGrailsPlugin] (main:) Did not find application config file: WebXmlConfig
2018-08-05 13:29:14,836 0     INFO  [grails.plugin.webxml.WebxmlGrailsPlugin] (main:) Loading default config file: class DefaultWebXmlConfig
2018-08-05 13:29:14,942 106   WARN  [grails.plugin.webxml.WebxmlGrailsPlugin] (main:) Did not find application config file: WebXmlConfig
2018-08-05 13:29:22,884 8048  INFO  [grails.plugin.webxml.WebxmlGrailsPlugin] (main:) Loading default config file: class DefaultWebXmlConfig
2018-08-05 13:29:22,888 8052  WARN  [grails.plugin.webxml.WebxmlGrailsPlugin] (main:) Did not find application config file: WebXmlConfig
2018-08-05 13:34:34,952 0     INFO  [grails.plugin.webxml.WebxmlGrailsPlugin] (main:) Loading default config file: class DefaultWebXmlConfig
2018-08-05 13:34:34,992 40    WARN  [grails.plugin.webxml.WebxmlGrailsPlugin] (main:) Did not find application config file: WebXmlConfig
2018-08-05 13:34:36,815 1863  INFO  [grails.plugin.webxml.WebxmlGrailsPlugin] (main:) Loading default config file: class DefaultWebXmlConfig
2018-08-05 13:34:36,822 1870  WARN  [grails.plugin.webxml.WebxmlGrailsPlugin] (main:) Did not find application config file: WebXmlConfig
2018-08-05 20:32:54,803 0     INFO  [grails.plugin.webxml.WebxmlGrailsPlugin] (main:) Loading default config file: class DefaultWebXmlConfig
2018-08-05 20:32:54,851 48    WARN  [grails.plugin.webxml.WebxmlGrailsPlugin] (main:) Did not find application config file: WebXmlConfig
2018-08-05 20:32:56,147 1344  INFO  [grails.plugin.webxml.WebxmlGrailsPlugin] (main:) Loading default config file: class DefaultWebXmlConfig
2018-08-05 20:32:56,147 1344  WARN  [grails.plugin.webxml.WebxmlGrailsPlugin] (main:) Did not find application config file: WebXmlConfig
2018-08-05 23:04:50,077 0     INFO  [grails.plugin.webxml.WebxmlGrailsPlugin] (main:) Loading default config file: class DefaultWebXmlConfig
2018-08-05 23:04:50,108 31    WARN  [grails.plugin.webxml.WebxmlGrailsPlugin] (main:) Did not find application config file: WebXmlConfig
2018-08-05 23:04:51,867 1790  INFO  [grails.plugin.webxml.WebxmlGrailsPlugin] (main:) Loading default config file: class DefaultWebXmlConfig
2018-08-05 23:04:51,867 1790  WARN  [grails.plugin.webxml.WebxmlGrailsPlugin] (main:) Did not find application config file: WebXmlConfig
2018-08-06 22:43:02,627 0     INFO  [grails.plugin.webxml.WebxmlGrailsPlugin] (main:) Loading default config file: class DefaultWebXmlConfig
2018-08-06 22:43:02,691 64    WARN  [grails.plugin.webxml.WebxmlGrailsPlugin] (main:) Did not find application config file: WebXmlConfig
2018-08-06 22:43:04,894 2267  INFO  [grails.plugin.webxml.WebxmlGrailsPlugin] (main:) Loading default config file: class DefaultWebXmlConfig
2018-08-06 22:43:04,902 2275  WARN  [grails.plugin.webxml.WebxmlGrailsPlugin] (main:) Did not find application config file: WebXmlConfig
2018-08-10 19:18:48,117 0     INFO  [grails.plugin.webxml.WebxmlGrailsPlugin] (main:) Loading default config file: class DefaultWebXmlConfig
2018-08-10 19:18:48,179 62    WARN  [grails.plugin.webxml.WebxmlGrailsPlugin] (main:) Did not find application config file: WebXmlConfig
2018-08-10 19:18:49,835 1718  INFO  [grails.plugin.webxml.WebxmlGrailsPlugin] (main:) Loading default config file: class DefaultWebXmlConfig
2018-08-10 19:18:49,835 1718  WARN  [grails.plugin.webxml.WebxmlGrailsPlugin] (main:) Did not find application config file: WebXmlConfig
2018-08-10 20:58:36,268 0     INFO  [grails.plugin.webxml.WebxmlGrailsPlugin] (main:) Loading default config file: class DefaultWebXmlConfig
2018-08-10 20:58:36,284 16    WARN  [grails.plugin.webxml.WebxmlGrailsPlugin] (main:) Did not find application config file: WebXmlConfig
2018-08-10 20:58:37,565 1297  INFO  [grails.plugin.webxml.WebxmlGrailsPlugin] (main:) Loading default config file: class DefaultWebXmlConfig
2018-08-10 20:58:37,581 1313  WARN  [grails.plugin.webxml.WebxmlGrailsPlugin] (main:) Did not find application config file: WebXmlConfig
2018-08-10 22:30:02,907 0     INFO  [grails.plugin.webxml.WebxmlGrailsPlugin] (main:) Loading default config file: class DefaultWebXmlConfig
2018-08-10 22:30:02,923 16    WARN  [grails.plugin.webxml.WebxmlGrailsPlugin] (main:) Did not find application config file: WebXmlConfig
2018-08-10 22:30:04,001 1094  INFO  [grails.plugin.webxml.WebxmlGrailsPlugin] (main:) Loading default config file: class DefaultWebXmlConfig
2018-08-10 22:30:04,001 1094  WARN  [grails.plugin.webxml.WebxmlGrailsPlugin] (main:) Did not find application config file: WebXmlConfig
2018-08-10 22:38:34,659 511752 INFO  [grails.plugin.webxml.WebxmlGrailsPlugin] (main:) Loading default config file: class DefaultWebXmlConfig
2018-08-10 22:38:34,675 511768 WARN  [grails.plugin.webxml.WebxmlGrailsPlugin] (main:) Did not find application config file: WebXmlConfig
2018-08-10 22:38:34,768 511861 INFO  [grails.plugin.webxml.WebxmlGrailsPlugin] (main:) Loading default config file: class DefaultWebXmlConfig
2018-08-10 22:38:34,768 511861 WARN  [grails.plugin.webxml.WebxmlGrailsPlugin] (main:) Did not find application config file: WebXmlConfig
2018-08-10 23:09:20,075 0     INFO  [grails.plugin.webxml.WebxmlGrailsPlugin] (main:) Loading default config file: class DefaultWebXmlConfig
2018-08-10 23:09:20,090 15    WARN  [grails.plugin.webxml.WebxmlGrailsPlugin] (main:) Did not find application config file: WebXmlConfig
2018-08-10 23:09:21,449 1374  INFO  [grails.plugin.webxml.WebxmlGrailsPlugin] (main:) Loading default config file: class DefaultWebXmlConfig
2018-08-10 23:09:21,449 1374  WARN  [grails.plugin.webxml.WebxmlGrailsPlugin] (main:) Did not find application config file: WebXmlConfig
2018-08-11 14:09:20,042 0     INFO  [grails.plugin.webxml.WebxmlGrailsPlugin] (main:) Loading default config file: class DefaultWebXmlConfig
2018-08-11 14:09:20,103 61    WARN  [grails.plugin.webxml.WebxmlGrailsPlugin] (main:) Did not find application config file: WebXmlConfig
2018-08-11 14:09:22,112 2070  INFO  [grails.plugin.webxml.WebxmlGrailsPlugin] (main:) Loading default config file: class DefaultWebXmlConfig
2018-08-11 14:09:22,120 2078  WARN  [grails.plugin.webxml.WebxmlGrailsPlugin] (main:) Did not find application config file: WebXmlConfig
2018-08-11 17:55:06,681 0     INFO  [grails.plugin.webxml.WebxmlGrailsPlugin] (main:) Loading default config file: class DefaultWebXmlConfig
2018-08-11 17:55:06,701 20    WARN  [grails.plugin.webxml.WebxmlGrailsPlugin] (main:) Did not find application config file: WebXmlConfig
2018-08-11 17:55:08,053 1372  INFO  [grails.plugin.webxml.WebxmlGrailsPlugin] (main:) Loading default config file: class DefaultWebXmlConfig
2018-08-11 17:55:08,053 1372  WARN  [grails.plugin.webxml.WebxmlGrailsPlugin] (main:) Did not find application config file: WebXmlConfig
2018-08-11 19:50:17,340 0     INFO  [grails.plugin.webxml.WebxmlGrailsPlugin] (main:) Loading default config file: class DefaultWebXmlConfig
2018-08-11 19:50:17,371 31    WARN  [grails.plugin.webxml.WebxmlGrailsPlugin] (main:) Did not find application config file: WebXmlConfig
2018-08-11 19:50:18,266 926   INFO  [grails.plugin.webxml.WebxmlGrailsPlugin] (main:) Loading default config file: class DefaultWebXmlConfig
2018-08-11 19:50:18,274 934   WARN  [grails.plugin.webxml.WebxmlGrailsPlugin] (main:) Did not find application config file: WebXmlConfig
